<?xml version="1.0" encoding="UTF-8"?>
<!-- Generated by org.testng.reporters.JUnitReportReporter -->
<testsuite hostname="BA-000311890" failures="0" tests="5" name="com.telus.registerdemo.RegisterDemoTestNG" time="18.540" errors="0" timestamp="2023-07-14T16:00:58 IST" skipped="0">
  <testcase classname="com.telus.registerdemo.RegisterDemoTestNG" name="launchApplication" time="10.732"/>
  <system-out/>
  <testcase classname="com.telus.registerdemo.RegisterDemoTestNG" name="navigateToRegisterDemoPage" time="1.912"/>
  <system-out/>
  <testcase classname="com.telus.registerdemo.RegisterDemoTestNG" name="registerUser" time="5.670"/>
  <system-out/>
  <testcase classname="com.telus.registerdemo.RegisterDemoTestNG" name="validateSuccessfulMsg" time="0.027"/>
  <system-out/>
  <testcase classname="com.telus.registerdemo.RegisterDemoTestNG" name="closeApplication" time="0.199"/>
  <system-out/>
</testsuite> <!-- com.telus.registerdemo.RegisterDemoTestNG -->
